{"C:\\Users\\Jussi\\Desktop\\koulupaskaa\\maisteri\\Full Stack\\part4\\bloglist\\app.js": {"path":"C:\\Users\\Jussi\\Desktop\\koulupaskaa\\maisteri\\Full Stack\\part4\\bloglist\\app.js","statementMap":{"0":{"start":{"line":1,"column":16},"end":{"line":1,"column":34}},"1":{"start":{"line":2,"column":12},"end":{"line":2,"column":21}},"2":{"start":{"line":3,"column":0},"end":{"line":3,"column":31}},"3":{"start":{"line":4,"column":13},"end":{"line":4,"column":28}},"4":{"start":{"line":5,"column":19},"end":{"line":5,"column":48}},"5":{"start":{"line":6,"column":20},"end":{"line":6,"column":50}},"6":{"start":{"line":7,"column":20},"end":{"line":7,"column":50}},"7":{"start":{"line":8,"column":20},"end":{"line":8,"column":50}},"8":{"start":{"line":9,"column":15},"end":{"line":9,"column":32}},"9":{"start":{"line":11,"column":0},"end":{"line":11,"column":15}},"10":{"start":{"line":12,"column":0},"end":{"line":12,"column":23}},"11":{"start":{"line":13,"column":0},"end":{"line":13,"column":23}},"12":{"start":{"line":14,"column":0},"end":{"line":14,"column":41}},"13":{"start":{"line":15,"column":0},"end":{"line":15,"column":34}},"14":{"start":{"line":16,"column":0},"end":{"line":16,"column":34}},"15":{"start":{"line":17,"column":0},"end":{"line":17,"column":34}},"16":{"start":{"line":18,"column":0},"end":{"line":18,"column":35}},"17":{"start":{"line":19,"column":0},"end":{"line":19,"column":32}},"18":{"start":{"line":21,"column":0},"end":{"line":21,"column":20}}},"fnMap":{},"branchMap":{},"s":{"0":3,"1":3,"2":3,"3":3,"4":3,"5":3,"6":3,"7":3,"8":3,"9":3,"10":3,"11":3,"12":3,"13":3,"14":3,"15":3,"16":3,"17":3,"18":3},"f":{},"b":{},"_coverageSchema":"1a1c01bbd47fc00a2c39e90264f33305004495a9","hash":"aac2d50e3ea7c4835c35eff6da95ec005853ef69"}
,"C:\\Users\\Jussi\\Desktop\\koulupaskaa\\maisteri\\Full Stack\\part4\\bloglist\\controllers\\blogs.js": {"path":"C:\\Users\\Jussi\\Desktop\\koulupaskaa\\maisteri\\Full Stack\\part4\\bloglist\\controllers\\blogs.js","statementMap":{"0":{"start":{"line":1,"column":20},"end":{"line":1,"column":47}},"1":{"start":{"line":2,"column":13},"end":{"line":2,"column":38}},"2":{"start":{"line":3,"column":13},"end":{"line":3,"column":38}},"3":{"start":{"line":4,"column":42},"end":{"line":4,"column":72}},"4":{"start":{"line":5,"column":21},"end":{"line":5,"column":39}},"5":{"start":{"line":7,"column":0},"end":{"line":10,"column":2}},"6":{"start":{"line":8,"column":18},"end":{"line":8,"column":80}},"7":{"start":{"line":9,"column":4},"end":{"line":9,"column":63}},"8":{"start":{"line":9,"column":48},"end":{"line":9,"column":61}},"9":{"start":{"line":12,"column":0},"end":{"line":26,"column":2}},"10":{"start":{"line":13,"column":17},"end":{"line":13,"column":53}},"11":{"start":{"line":14,"column":17},"end":{"line":20,"column":6}},"12":{"start":{"line":22,"column":22},"end":{"line":22,"column":39}},"13":{"start":{"line":23,"column":4},"end":{"line":23,"column":69}},"14":{"start":{"line":24,"column":4},"end":{"line":24,"column":95}},"15":{"start":{"line":24,"column":33},"end":{"line":24,"column":94}},"16":{"start":{"line":25,"column":4},"end":{"line":25,"column":49}},"17":{"start":{"line":28,"column":0},"end":{"line":41,"column":2}},"18":{"start":{"line":29,"column":17},"end":{"line":29,"column":55}},"19":{"start":{"line":30,"column":4},"end":{"line":40,"column":5}},"20":{"start":{"line":31,"column":21},"end":{"line":31,"column":62}},"21":{"start":{"line":32,"column":8},"end":{"line":37,"column":9}},"22":{"start":{"line":33,"column":12},"end":{"line":33,"column":34}},"23":{"start":{"line":34,"column":12},"end":{"line":34,"column":38}},"24":{"start":{"line":36,"column":12},"end":{"line":36,"column":94}},"25":{"start":{"line":39,"column":8},"end":{"line":39,"column":14}},"26":{"start":{"line":43,"column":0},"end":{"line":61,"column":2}},"27":{"start":{"line":44,"column":17},"end":{"line":50,"column":5}},"28":{"start":{"line":51,"column":24},"end":{"line":55,"column":5}},"29":{"start":{"line":56,"column":4},"end":{"line":60,"column":5}},"30":{"start":{"line":57,"column":8},"end":{"line":57,"column":55}},"31":{"start":{"line":59,"column":8},"end":{"line":59,"column":14}},"32":{"start":{"line":63,"column":0},"end":{"line":63,"column":28}}},"fnMap":{"0":{"name":"(anonymous_0)","decl":{"start":{"line":7,"column":21},"end":{"line":7,"column":22}},"loc":{"start":{"line":7,"column":50},"end":{"line":10,"column":1}},"line":7},"1":{"name":"(anonymous_1)","decl":{"start":{"line":9,"column":40},"end":{"line":9,"column":41}},"loc":{"start":{"line":9,"column":48},"end":{"line":9,"column":61}},"line":9},"2":{"name":"(anonymous_2)","decl":{"start":{"line":12,"column":53},"end":{"line":12,"column":54}},"loc":{"start":{"line":12,"column":82},"end":{"line":26,"column":1}},"line":12},"3":{"name":"(anonymous_3)","decl":{"start":{"line":24,"column":22},"end":{"line":24,"column":23}},"loc":{"start":{"line":24,"column":33},"end":{"line":24,"column":94}},"line":24},"4":{"name":"(anonymous_4)","decl":{"start":{"line":28,"column":58},"end":{"line":28,"column":59}},"loc":{"start":{"line":28,"column":93},"end":{"line":41,"column":1}},"line":28},"5":{"name":"(anonymous_5)","decl":{"start":{"line":43,"column":24},"end":{"line":43,"column":25}},"loc":{"start":{"line":43,"column":59},"end":{"line":61,"column":1}},"line":43}},"branchMap":{"0":{"loc":{"start":{"line":30,"column":4},"end":{"line":40,"column":5}},"type":"if","locations":[{"start":{"line":30,"column":4},"end":{"line":40,"column":5}},{"start":{"line":38,"column":11},"end":{"line":40,"column":5}}],"line":30},"1":{"loc":{"start":{"line":32,"column":8},"end":{"line":37,"column":9}},"type":"if","locations":[{"start":{"line":32,"column":8},"end":{"line":37,"column":9}},{"start":{"line":35,"column":15},"end":{"line":37,"column":9}}],"line":32},"2":{"loc":{"start":{"line":56,"column":4},"end":{"line":60,"column":5}},"type":"if","locations":[{"start":{"line":56,"column":4},"end":{"line":60,"column":5}},{"start":{"line":58,"column":11},"end":{"line":60,"column":5}}],"line":56}},"s":{"0":3,"1":3,"2":3,"3":3,"4":3,"5":3,"6":4,"7":4,"8":24,"9":3,"10":5,"11":5,"12":5,"13":2,"14":2,"15":2,"16":2,"17":3,"18":4,"19":3,"20":2,"21":2,"22":1,"23":1,"24":1,"25":1,"26":3,"27":3,"28":3,"29":2,"30":1,"31":1,"32":3},"f":{"0":4,"1":24,"2":5,"3":2,"4":4,"5":3},"b":{"0":[2,1],"1":[1,1],"2":[1,1]},"_coverageSchema":"1a1c01bbd47fc00a2c39e90264f33305004495a9","hash":"995c580e375a53d707d3d08b79ff31cb9fcd6a85"}
,"C:\\Users\\Jussi\\Desktop\\koulupaskaa\\maisteri\\Full Stack\\part4\\bloglist\\controllers\\login.js": {"path":"C:\\Users\\Jussi\\Desktop\\koulupaskaa\\maisteri\\Full Stack\\part4\\bloglist\\controllers\\login.js","statementMap":{"0":{"start":{"line":1,"column":12},"end":{"line":1,"column":35}},"1":{"start":{"line":2,"column":15},"end":{"line":2,"column":32}},"2":{"start":{"line":3,"column":20},"end":{"line":3,"column":47}},"3":{"start":{"line":4,"column":13},"end":{"line":4,"column":38}},"4":{"start":{"line":6,"column":0},"end":{"line":32,"column":2}},"5":{"start":{"line":7,"column":17},"end":{"line":7,"column":72}},"6":{"start":{"line":8,"column":28},"end":{"line":10,"column":68}},"7":{"start":{"line":12,"column":4},"end":{"line":14,"column":5}},"8":{"start":{"line":13,"column":8},"end":{"line":13,"column":83}},"9":{"start":{"line":16,"column":25},"end":{"line":19,"column":5}},"10":{"start":{"line":21,"column":18},"end":{"line":25,"column":5}},"11":{"start":{"line":27,"column":4},"end":{"line":31,"column":6}},"12":{"start":{"line":34,"column":0},"end":{"line":34,"column":28}}},"fnMap":{"0":{"name":"(anonymous_0)","decl":{"start":{"line":6,"column":22},"end":{"line":6,"column":23}},"loc":{"start":{"line":6,"column":51},"end":{"line":32,"column":1}},"line":6}},"branchMap":{"0":{"loc":{"start":{"line":8,"column":28},"end":{"line":10,"column":68}},"type":"cond-expr","locations":[{"start":{"line":9,"column":10},"end":{"line":9,"column":15}},{"start":{"line":10,"column":10},"end":{"line":10,"column":68}}],"line":8},"1":{"loc":{"start":{"line":12,"column":4},"end":{"line":14,"column":5}},"type":"if","locations":[{"start":{"line":12,"column":4},"end":{"line":14,"column":5}},{"start":{},"end":{}}],"line":12},"2":{"loc":{"start":{"line":12,"column":10},"end":{"line":12,"column":33}},"type":"binary-expr","locations":[{"start":{"line":12,"column":10},"end":{"line":12,"column":14}},{"start":{"line":12,"column":18},"end":{"line":12,"column":33}}],"line":12}},"s":{"0":3,"1":3,"2":3,"3":3,"4":3,"5":3,"6":3,"7":3,"8":2,"9":1,"10":1,"11":1,"12":3},"f":{"0":3},"b":{"0":[1,2],"1":[2,1],"2":[3,2]},"_coverageSchema":"1a1c01bbd47fc00a2c39e90264f33305004495a9","hash":"1b9e14454827af3a605a2d09530e173c99865adc"}
,"C:\\Users\\Jussi\\Desktop\\koulupaskaa\\maisteri\\Full Stack\\part4\\bloglist\\controllers\\users.js": {"path":"C:\\Users\\Jussi\\Desktop\\koulupaskaa\\maisteri\\Full Stack\\part4\\bloglist\\controllers\\users.js","statementMap":{"0":{"start":{"line":1,"column":20},"end":{"line":1,"column":47}},"1":{"start":{"line":2,"column":13},"end":{"line":2,"column":38}},"2":{"start":{"line":3,"column":42},"end":{"line":3,"column":72}},"3":{"start":{"line":5,"column":0},"end":{"line":8,"column":2}},"4":{"start":{"line":6,"column":18},"end":{"line":6,"column":98}},"5":{"start":{"line":7,"column":4},"end":{"line":7,"column":51}},"6":{"start":{"line":7,"column":36},"end":{"line":7,"column":49}},"7":{"start":{"line":10,"column":0},"end":{"line":18,"column":2}},"8":{"start":{"line":11,"column":17},"end":{"line":15,"column":6}},"9":{"start":{"line":16,"column":22},"end":{"line":16,"column":39}},"10":{"start":{"line":17,"column":4},"end":{"line":17,"column":49}},"11":{"start":{"line":20,"column":0},"end":{"line":32,"column":2}},"12":{"start":{"line":21,"column":17},"end":{"line":21,"column":55}},"13":{"start":{"line":22,"column":4},"end":{"line":31,"column":5}},"14":{"start":{"line":23,"column":8},"end":{"line":28,"column":9}},"15":{"start":{"line":24,"column":12},"end":{"line":24,"column":34}},"16":{"start":{"line":25,"column":12},"end":{"line":25,"column":38}},"17":{"start":{"line":27,"column":12},"end":{"line":27,"column":93}},"18":{"start":{"line":30,"column":8},"end":{"line":30,"column":14}},"19":{"start":{"line":34,"column":0},"end":{"line":34,"column":28}}},"fnMap":{"0":{"name":"(anonymous_0)","decl":{"start":{"line":5,"column":21},"end":{"line":5,"column":22}},"loc":{"start":{"line":5,"column":50},"end":{"line":8,"column":1}},"line":5},"1":{"name":"(anonymous_1)","decl":{"start":{"line":7,"column":28},"end":{"line":7,"column":29}},"loc":{"start":{"line":7,"column":36},"end":{"line":7,"column":49}},"line":7},"2":{"name":"(anonymous_2)","decl":{"start":{"line":10,"column":22},"end":{"line":10,"column":23}},"loc":{"start":{"line":10,"column":51},"end":{"line":18,"column":1}},"line":10},"3":{"name":"(anonymous_3)","decl":{"start":{"line":20,"column":58},"end":{"line":20,"column":59}},"loc":{"start":{"line":20,"column":93},"end":{"line":32,"column":1}},"line":20}},"branchMap":{"0":{"loc":{"start":{"line":22,"column":4},"end":{"line":31,"column":5}},"type":"if","locations":[{"start":{"line":22,"column":4},"end":{"line":31,"column":5}},{"start":{"line":29,"column":11},"end":{"line":31,"column":5}}],"line":22},"1":{"loc":{"start":{"line":23,"column":8},"end":{"line":28,"column":9}},"type":"if","locations":[{"start":{"line":23,"column":8},"end":{"line":28,"column":9}},{"start":{"line":26,"column":15},"end":{"line":28,"column":9}}],"line":23}},"s":{"0":3,"1":3,"2":3,"3":3,"4":3,"5":3,"6":6,"7":3,"8":9,"9":9,"10":1,"11":3,"12":3,"13":3,"14":2,"15":1,"16":1,"17":1,"18":1,"19":3},"f":{"0":3,"1":6,"2":9,"3":3},"b":{"0":[2,1],"1":[1,1]},"_coverageSchema":"1a1c01bbd47fc00a2c39e90264f33305004495a9","hash":"8345619fa9a40b171e4676bda4cf61741183040d"}
,"C:\\Users\\Jussi\\Desktop\\koulupaskaa\\maisteri\\Full Stack\\part4\\bloglist\\models\\blog.js": {"path":"C:\\Users\\Jussi\\Desktop\\koulupaskaa\\maisteri\\Full Stack\\part4\\bloglist\\models\\blog.js","statementMap":{"0":{"start":{"line":1,"column":17},"end":{"line":1,"column":36}},"1":{"start":{"line":3,"column":19},"end":{"line":24,"column":2}},"2":{"start":{"line":27,"column":0},"end":{"line":34,"column":2}},"3":{"start":{"line":28,"column":17},"end":{"line":28,"column":34}},"4":{"start":{"line":29,"column":17},"end":{"line":29,"column":46}},"5":{"start":{"line":30,"column":4},"end":{"line":32,"column":5}},"6":{"start":{"line":31,"column":43},"end":{"line":31,"column":64}},"7":{"start":{"line":33,"column":4},"end":{"line":33,"column":10}},"8":{"start":{"line":36,"column":0},"end":{"line":42,"column":2}},"9":{"start":{"line":38,"column":8},"end":{"line":38,"column":57}},"10":{"start":{"line":39,"column":8},"end":{"line":39,"column":33}},"11":{"start":{"line":40,"column":8},"end":{"line":40,"column":33}},"12":{"start":{"line":43,"column":0},"end":{"line":43,"column":51}}},"fnMap":{"0":{"name":"(anonymous_0)","decl":{"start":{"line":27,"column":63},"end":{"line":27,"column":64}},"loc":{"start":{"line":27,"column":89},"end":{"line":34,"column":1}},"line":27},"1":{"name":"(anonymous_1)","decl":{"start":{"line":31,"column":35},"end":{"line":31,"column":36}},"loc":{"start":{"line":31,"column":43},"end":{"line":31,"column":64}},"line":31},"2":{"name":"(anonymous_2)","decl":{"start":{"line":37,"column":15},"end":{"line":37,"column":16}},"loc":{"start":{"line":37,"column":45},"end":{"line":41,"column":5}},"line":37}},"branchMap":{},"s":{"0":3,"1":3,"2":3,"3":1,"4":1,"5":1,"6":6,"7":1,"8":3,"9":93,"10":93,"11":93,"12":3},"f":{"0":1,"1":6,"2":93},"b":{},"_coverageSchema":"1a1c01bbd47fc00a2c39e90264f33305004495a9","hash":"d3059ce792d1c2803a0ed83e474179ffff7ef7de"}
,"C:\\Users\\Jussi\\Desktop\\koulupaskaa\\maisteri\\Full Stack\\part4\\bloglist\\models\\user.js": {"path":"C:\\Users\\Jussi\\Desktop\\koulupaskaa\\maisteri\\Full Stack\\part4\\bloglist\\models\\user.js","statementMap":{"0":{"start":{"line":1,"column":17},"end":{"line":1,"column":36}},"1":{"start":{"line":2,"column":24},"end":{"line":2,"column":60}},"2":{"start":{"line":3,"column":15},"end":{"line":3,"column":32}},"3":{"start":{"line":5,"column":22},"end":{"line":5,"column":44}},"4":{"start":{"line":8,"column":22},"end":{"line":8,"column":34}},"5":{"start":{"line":11,"column":19},"end":{"line":32,"column":2}},"6":{"start":{"line":34,"column":0},"end":{"line":38,"column":2}},"7":{"start":{"line":35,"column":4},"end":{"line":35,"column":56}},"8":{"start":{"line":36,"column":4},"end":{"line":36,"column":10}},"9":{"start":{"line":41,"column":0},"end":{"line":47,"column":2}},"10":{"start":{"line":42,"column":17},"end":{"line":42,"column":34}},"11":{"start":{"line":43,"column":4},"end":{"line":45,"column":5}},"12":{"start":{"line":46,"column":4},"end":{"line":46,"column":10}},"13":{"start":{"line":49,"column":0},"end":{"line":56,"column":2}},"14":{"start":{"line":51,"column":8},"end":{"line":51,"column":57}},"15":{"start":{"line":52,"column":8},"end":{"line":52,"column":33}},"16":{"start":{"line":53,"column":8},"end":{"line":53,"column":33}},"17":{"start":{"line":54,"column":8},"end":{"line":54,"column":38}},"18":{"start":{"line":57,"column":0},"end":{"line":60,"column":2}},"19":{"start":{"line":62,"column":0},"end":{"line":62,"column":51}}},"fnMap":{"0":{"name":"(anonymous_0)","decl":{"start":{"line":34,"column":23},"end":{"line":34,"column":24}},"loc":{"start":{"line":34,"column":44},"end":{"line":38,"column":1}},"line":34},"1":{"name":"(anonymous_1)","decl":{"start":{"line":41,"column":63},"end":{"line":41,"column":64}},"loc":{"start":{"line":41,"column":89},"end":{"line":47,"column":1}},"line":41},"2":{"name":"(anonymous_2)","decl":{"start":{"line":50,"column":15},"end":{"line":50,"column":16}},"loc":{"start":{"line":50,"column":45},"end":{"line":55,"column":5}},"line":50}},"branchMap":{},"s":{"0":3,"1":3,"2":3,"3":3,"4":3,"5":3,"6":3,"7":25,"8":25,"9":3,"10":1,"11":1,"12":1,"13":3,"14":61,"15":61,"16":61,"17":61,"18":3,"19":3},"f":{"0":25,"1":1,"2":61},"b":{},"_coverageSchema":"1a1c01bbd47fc00a2c39e90264f33305004495a9","hash":"24e17dad5837f314f56424d8e4821893d825696d"}
,"C:\\Users\\Jussi\\Desktop\\koulupaskaa\\maisteri\\Full Stack\\part4\\bloglist\\utils\\logger.js": {"path":"C:\\Users\\Jussi\\Desktop\\koulupaskaa\\maisteri\\Full Stack\\part4\\bloglist\\utils\\logger.js","statementMap":{"0":{"start":{"line":1,"column":13},"end":{"line":3,"column":1}},"1":{"start":{"line":2,"column":4},"end":{"line":2,"column":26}},"2":{"start":{"line":5,"column":14},"end":{"line":7,"column":1}},"3":{"start":{"line":6,"column":4},"end":{"line":6,"column":28}},"4":{"start":{"line":9,"column":0},"end":{"line":12,"column":1}}},"fnMap":{"0":{"name":"(anonymous_0)","decl":{"start":{"line":1,"column":13},"end":{"line":1,"column":14}},"loc":{"start":{"line":1,"column":28},"end":{"line":3,"column":1}},"line":1},"1":{"name":"(anonymous_1)","decl":{"start":{"line":5,"column":14},"end":{"line":5,"column":15}},"loc":{"start":{"line":5,"column":29},"end":{"line":7,"column":1}},"line":5}},"branchMap":{},"s":{"0":4,"1":68,"2":4,"3":28,"4":4},"f":{"0":68,"1":28},"b":{},"_coverageSchema":"1a1c01bbd47fc00a2c39e90264f33305004495a9","hash":"24cf211fd8f4c135031b9e2e5df729b4be49de19"}
,"C:\\Users\\Jussi\\Desktop\\koulupaskaa\\maisteri\\Full Stack\\part4\\bloglist\\utils\\middleware.js": {"path":"C:\\Users\\Jussi\\Desktop\\koulupaskaa\\maisteri\\Full Stack\\part4\\bloglist\\utils\\middleware.js","statementMap":{"0":{"start":{"line":1,"column":15},"end":{"line":1,"column":34}},"1":{"start":{"line":2,"column":15},"end":{"line":2,"column":32}},"2":{"start":{"line":3,"column":12},"end":{"line":3,"column":35}},"3":{"start":{"line":5,"column":0},"end":{"line":7,"column":2}},"4":{"start":{"line":6,"column":4},"end":{"line":6,"column":51}},"5":{"start":{"line":9,"column":19},"end":{"line":12,"column":1}},"6":{"start":{"line":10,"column":37},"end":{"line":10,"column":76}},"7":{"start":{"line":11,"column":24},"end":{"line":11,"column":69}},"8":{"start":{"line":14,"column":24},"end":{"line":16,"column":1}},"9":{"start":{"line":15,"column":4},"end":{"line":15,"column":62}},"10":{"start":{"line":18,"column":21},"end":{"line":40,"column":1}},"11":{"start":{"line":19,"column":4},"end":{"line":19,"column":31}},"12":{"start":{"line":21,"column":4},"end":{"line":36,"column":5}},"13":{"start":{"line":22,"column":8},"end":{"line":22,"column":70}},"14":{"start":{"line":24,"column":9},"end":{"line":36,"column":5}},"15":{"start":{"line":25,"column":8},"end":{"line":25,"column":26}},"16":{"start":{"line":26,"column":8},"end":{"line":26,"column":66}},"17":{"start":{"line":28,"column":9},"end":{"line":36,"column":5}},"18":{"start":{"line":29,"column":8},"end":{"line":29,"column":75}},"19":{"start":{"line":31,"column":9},"end":{"line":36,"column":5}},"20":{"start":{"line":32,"column":8},"end":{"line":32,"column":66}},"21":{"start":{"line":34,"column":9},"end":{"line":36,"column":5}},"22":{"start":{"line":35,"column":8},"end":{"line":35,"column":68}},"23":{"start":{"line":37,"column":4},"end":{"line":37,"column":67}},"24":{"start":{"line":38,"column":4},"end":{"line":38,"column":29}},"25":{"start":{"line":39,"column":4},"end":{"line":39,"column":15}},"26":{"start":{"line":42,"column":23},"end":{"line":49,"column":1}},"27":{"start":{"line":43,"column":31},"end":{"line":43,"column":59}},"28":{"start":{"line":44,"column":4},"end":{"line":47,"column":18}},"29":{"start":{"line":48,"column":4},"end":{"line":48,"column":10}},"30":{"start":{"line":51,"column":22},"end":{"line":54,"column":1}},"31":{"start":{"line":52,"column":4},"end":{"line":52,"column":64}},"32":{"start":{"line":53,"column":4},"end":{"line":53,"column":10}},"33":{"start":{"line":56,"column":0},"end":{"line":62,"column":1}}},"fnMap":{"0":{"name":"(anonymous_0)","decl":{"start":{"line":5,"column":21},"end":{"line":5,"column":22}},"loc":{"start":{"line":5,"column":32},"end":{"line":7,"column":1}},"line":5},"1":{"name":"(anonymous_1)","decl":{"start":{"line":10,"column":4},"end":{"line":10,"column":5}},"loc":{"start":{"line":10,"column":35},"end":{"line":10,"column":78}},"line":10},"2":{"name":"(anonymous_2)","decl":{"start":{"line":11,"column":12},"end":{"line":11,"column":13}},"loc":{"start":{"line":11,"column":23},"end":{"line":11,"column":71}},"line":11},"3":{"name":"(anonymous_3)","decl":{"start":{"line":14,"column":24},"end":{"line":14,"column":25}},"loc":{"start":{"line":14,"column":47},"end":{"line":16,"column":1}},"line":14},"4":{"name":"(anonymous_4)","decl":{"start":{"line":18,"column":21},"end":{"line":18,"column":22}},"loc":{"start":{"line":18,"column":57},"end":{"line":40,"column":1}},"line":18},"5":{"name":"(anonymous_5)","decl":{"start":{"line":42,"column":23},"end":{"line":42,"column":24}},"loc":{"start":{"line":42,"column":52},"end":{"line":49,"column":1}},"line":42},"6":{"name":"(anonymous_6)","decl":{"start":{"line":51,"column":22},"end":{"line":51,"column":23}},"loc":{"start":{"line":51,"column":57},"end":{"line":54,"column":1}},"line":51}},"branchMap":{"0":{"loc":{"start":{"line":21,"column":4},"end":{"line":36,"column":5}},"type":"if","locations":[{"start":{"line":21,"column":4},"end":{"line":36,"column":5}},{"start":{"line":24,"column":9},"end":{"line":36,"column":5}}],"line":21},"1":{"loc":{"start":{"line":21,"column":8},"end":{"line":21,"column":63}},"type":"binary-expr","locations":[{"start":{"line":21,"column":8},"end":{"line":21,"column":34}},{"start":{"line":21,"column":38},"end":{"line":21,"column":63}}],"line":21},"2":{"loc":{"start":{"line":24,"column":9},"end":{"line":36,"column":5}},"type":"if","locations":[{"start":{"line":24,"column":9},"end":{"line":36,"column":5}},{"start":{"line":28,"column":9},"end":{"line":36,"column":5}}],"line":24},"3":{"loc":{"start":{"line":28,"column":9},"end":{"line":36,"column":5}},"type":"if","locations":[{"start":{"line":28,"column":9},"end":{"line":36,"column":5}},{"start":{"line":31,"column":9},"end":{"line":36,"column":5}}],"line":28},"4":{"loc":{"start":{"line":31,"column":9},"end":{"line":36,"column":5}},"type":"if","locations":[{"start":{"line":31,"column":9},"end":{"line":36,"column":5}},{"start":{"line":34,"column":9},"end":{"line":36,"column":5}}],"line":31},"5":{"loc":{"start":{"line":34,"column":9},"end":{"line":36,"column":5}},"type":"if","locations":[{"start":{"line":34,"column":9},"end":{"line":36,"column":5}},{"start":{},"end":{}}],"line":34},"6":{"loc":{"start":{"line":45,"column":8},"end":{"line":47,"column":18}},"type":"cond-expr","locations":[{"start":{"line":46,"column":14},"end":{"line":46,"column":45}},{"start":{"line":47,"column":14},"end":{"line":47,"column":18}}],"line":45},"7":{"loc":{"start":{"line":45,"column":8},"end":{"line":45,"column":69}},"type":"binary-expr","locations":[{"start":{"line":45,"column":8},"end":{"line":45,"column":26}},{"start":{"line":45,"column":30},"end":{"line":45,"column":69}}],"line":45}},"s":{"0":3,"1":3,"2":3,"3":3,"4":26,"5":3,"6":26,"7":47,"8":3,"9":3,"10":3,"11":27,"12":27,"13":2,"14":25,"15":11,"16":11,"17":14,"18":1,"19":13,"20":10,"21":3,"22":2,"23":1,"24":1,"25":1,"26":3,"27":25,"28":25,"29":25,"30":3,"31":25,"32":12,"33":3},"f":{"0":26,"1":26,"2":47,"3":3,"4":27,"5":25,"6":25},"b":{"0":[2,25],"1":[27,2],"2":[11,14],"3":[1,13],"4":[10,3],"5":[2,1],"6":[23,2],"7":[25,23]},"_coverageSchema":"1a1c01bbd47fc00a2c39e90264f33305004495a9","hash":"999cea5ca7fc2b87b1a47621d5f63945c2063159"}
}
