TN:
SF:app.js
FNF:0
FNH:0
DA:1,3
DA:2,3
DA:3,3
DA:4,3
DA:5,3
DA:6,3
DA:7,3
DA:8,3
DA:9,3
DA:11,3
DA:12,3
DA:13,3
DA:14,3
DA:15,3
DA:16,3
DA:17,3
DA:18,3
DA:19,3
DA:21,3
LF:19
LH:19
BRF:0
BRH:0
end_of_record
TN:
SF:controllers\blogs.js
FN:7,(anonymous_0)
FN:9,(anonymous_1)
FN:12,(anonymous_2)
FN:24,(anonymous_3)
FN:28,(anonymous_4)
FN:43,(anonymous_5)
FNF:6
FNH:6
FNDA:4,(anonymous_0)
FNDA:24,(anonymous_1)
FNDA:5,(anonymous_2)
FNDA:2,(anonymous_3)
FNDA:4,(anonymous_4)
FNDA:3,(anonymous_5)
DA:1,3
DA:2,3
DA:3,3
DA:4,3
DA:5,3
DA:7,3
DA:8,4
DA:9,24
DA:12,3
DA:13,5
DA:14,5
DA:22,5
DA:23,2
DA:24,2
DA:25,2
DA:28,3
DA:29,4
DA:30,3
DA:31,2
DA:32,2
DA:33,1
DA:34,1
DA:36,1
DA:39,1
DA:43,3
DA:44,3
DA:51,3
DA:56,2
DA:57,1
DA:59,1
DA:63,3
LF:31
LH:31
BRDA:30,0,0,2
BRDA:30,0,1,1
BRDA:32,1,0,1
BRDA:32,1,1,1
BRDA:56,2,0,1
BRDA:56,2,1,1
BRF:6
BRH:6
end_of_record
TN:
SF:controllers\login.js
FN:6,(anonymous_0)
FNF:1
FNH:1
FNDA:3,(anonymous_0)
DA:1,3
DA:2,3
DA:3,3
DA:4,3
DA:6,3
DA:7,3
DA:8,3
DA:12,3
DA:13,2
DA:16,1
DA:21,1
DA:27,1
DA:34,3
LF:13
LH:13
BRDA:8,0,0,1
BRDA:8,0,1,2
BRDA:12,1,0,2
BRDA:12,1,1,1
BRDA:12,2,0,3
BRDA:12,2,1,2
BRF:6
BRH:6
end_of_record
TN:
SF:controllers\users.js
FN:5,(anonymous_0)
FN:7,(anonymous_1)
FN:10,(anonymous_2)
FN:20,(anonymous_3)
FNF:4
FNH:4
FNDA:3,(anonymous_0)
FNDA:6,(anonymous_1)
FNDA:9,(anonymous_2)
FNDA:3,(anonymous_3)
DA:1,3
DA:2,3
DA:3,3
DA:5,3
DA:6,3
DA:7,6
DA:10,3
DA:11,9
DA:16,9
DA:17,1
DA:20,3
DA:21,3
DA:22,3
DA:23,2
DA:24,1
DA:25,1
DA:27,1
DA:30,1
DA:34,3
LF:19
LH:19
BRDA:22,0,0,2
BRDA:22,0,1,1
BRDA:23,1,0,1
BRDA:23,1,1,1
BRF:4
BRH:4
end_of_record
TN:
SF:models\blog.js
FN:27,(anonymous_0)
FN:31,(anonymous_1)
FN:37,(anonymous_2)
FNF:3
FNH:3
FNDA:1,(anonymous_0)
FNDA:6,(anonymous_1)
FNDA:93,(anonymous_2)
DA:1,3
DA:3,3
DA:27,3
DA:28,1
DA:29,1
DA:30,1
DA:31,6
DA:33,1
DA:36,3
DA:38,93
DA:39,93
DA:40,93
DA:43,3
LF:13
LH:13
BRF:0
BRH:0
end_of_record
TN:
SF:models\user.js
FN:34,(anonymous_0)
FN:41,(anonymous_1)
FN:50,(anonymous_2)
FNF:3
FNH:3
FNDA:25,(anonymous_0)
FNDA:1,(anonymous_1)
FNDA:61,(anonymous_2)
DA:1,3
DA:2,3
DA:3,3
DA:5,3
DA:8,3
DA:11,3
DA:34,3
DA:35,25
DA:36,25
DA:41,3
DA:42,1
DA:43,1
DA:46,1
DA:49,3
DA:51,61
DA:52,61
DA:53,61
DA:54,61
DA:57,3
DA:62,3
LF:20
LH:20
BRF:0
BRH:0
end_of_record
TN:
SF:utils\logger.js
FN:1,(anonymous_0)
FN:5,(anonymous_1)
FNF:2
FNH:2
FNDA:68,(anonymous_0)
FNDA:28,(anonymous_1)
DA:1,4
DA:2,68
DA:5,4
DA:6,28
DA:9,4
LF:5
LH:5
BRF:0
BRH:0
end_of_record
TN:
SF:utils\middleware.js
FN:5,(anonymous_0)
FN:10,(anonymous_1)
FN:11,(anonymous_2)
FN:14,(anonymous_3)
FN:18,(anonymous_4)
FN:42,(anonymous_5)
FN:51,(anonymous_6)
FNF:7
FNH:7
FNDA:26,(anonymous_0)
FNDA:26,(anonymous_1)
FNDA:47,(anonymous_2)
FNDA:3,(anonymous_3)
FNDA:27,(anonymous_4)
FNDA:25,(anonymous_5)
FNDA:25,(anonymous_6)
DA:1,3
DA:2,3
DA:3,3
DA:5,3
DA:6,26
DA:9,3
DA:10,26
DA:11,47
DA:14,3
DA:15,3
DA:18,3
DA:19,27
DA:21,27
DA:22,2
DA:24,25
DA:25,11
DA:26,11
DA:28,14
DA:29,1
DA:31,13
DA:32,10
DA:34,3
DA:35,2
DA:37,1
DA:38,1
DA:39,1
DA:42,3
DA:43,25
DA:44,25
DA:48,25
DA:51,3
DA:52,25
DA:53,12
DA:56,3
LF:34
LH:34
BRDA:21,0,0,2
BRDA:21,0,1,25
BRDA:21,1,0,27
BRDA:21,1,1,2
BRDA:24,2,0,11
BRDA:24,2,1,14
BRDA:28,3,0,1
BRDA:28,3,1,13
BRDA:31,4,0,10
BRDA:31,4,1,3
BRDA:34,5,0,2
BRDA:34,5,1,1
BRDA:45,6,0,23
BRDA:45,6,1,2
BRDA:45,7,0,25
BRDA:45,7,1,23
BRF:16
BRH:16
end_of_record
